-- Install configuration: ""
-- Up-to-date: /home/daniyar/dev_ws/install/rsp/share/rsp/config
-- Up-to-date: /home/daniyar/dev_ws/install/rsp/share/rsp/description
-- Up-to-date: /home/daniyar/dev_ws/install/rsp/share/rsp/description/robot.urdf.xacro
-- Installing: /home/daniyar/dev_ws/install/rsp/share/rsp/description/robot_core.xacro
-- Up-to-date: /home/daniyar/dev_ws/install/rsp/share/rsp/description/inertial_macros.xacro
-- Up-to-date: /home/daniyar/dev_ws/install/rsp/share/rsp/launch
-- Up-to-date: /home/daniyar/dev_ws/install/rsp/share/rsp/launch/rpy.launch.py
-- Up-to-date: /home/daniyar/dev_ws/install/rsp/share/rsp/worlds
-- Up-to-date: /home/daniyar/dev_ws/install/rsp/share/ament_index/resource_index/package_run_dependencies/rsp
-- Up-to-date: /home/daniyar/dev_ws/install/rsp/share/ament_index/resource_index/parent_prefix_path/rsp
-- Up-to-date: /home/daniyar/dev_ws/install/rsp/share/rsp/environment/ament_prefix_path.sh
-- Up-to-date: /home/daniyar/dev_ws/install/rsp/share/rsp/environment/ament_prefix_path.dsv
-- Up-to-date: /home/daniyar/dev_ws/install/rsp/share/rsp/environment/path.sh
-- Up-to-date: /home/daniyar/dev_ws/install/rsp/share/rsp/environment/path.dsv
-- Up-to-date: /home/daniyar/dev_ws/install/rsp/share/rsp/local_setup.bash
-- Up-to-date: /home/daniyar/dev_ws/install/rsp/share/rsp/local_setup.sh
-- Up-to-date: /home/daniyar/dev_ws/install/rsp/share/rsp/local_setup.zsh
-- Up-to-date: /home/daniyar/dev_ws/install/rsp/share/rsp/local_setup.dsv
-- Installing: /home/daniyar/dev_ws/install/rsp/share/rsp/package.dsv
-- Up-to-date: /home/daniyar/dev_ws/install/rsp/share/ament_index/resource_index/packages/rsp
-- Up-to-date: /home/daniyar/dev_ws/install/rsp/share/rsp/cmake/rspConfig.cmake
-- Up-to-date: /home/daniyar/dev_ws/install/rsp/share/rsp/cmake/rspConfig-version.cmake
-- Up-to-date: /home/daniyar/dev_ws/install/rsp/share/rsp/package.xml
