[0.020s] Invoking command in '/home/daniyar/dev_ws/build/rsp': CMAKE_PREFIX_PATH=${CMAKE_PREFIX_PATH}:/opt/ros/humble /usr/bin/cmake /home/daniyar/dev_ws/src/rsp -DCMAKE_INSTALL_PREFIX=/home/daniyar/dev_ws/install/rsp
[0.134s] -- The C compiler identification is GNU 11.4.0
[0.254s] -- The CXX compiler identification is GNU 11.4.0
[0.269s] -- Detecting C compiler ABI info
[0.409s] -- Detecting C compiler ABI info - done
[0.425s] -- Check for working C compiler: /usr/bin/cc - skipped
[0.426s] -- Detecting C compile features
[0.427s] -- Detecting C compile features - done
[0.433s] -- Detecting CXX compiler ABI info
[0.605s] -- Detecting CXX compiler ABI info - done
[0.623s] -- Check for working CXX compiler: /usr/bin/c++ - skipped
[0.623s] -- Detecting CXX compile features
[0.624s] -- Detecting CXX compile features - done
[0.630s] -- Found ament_cmake: 1.3.10 (/opt/ros/humble/share/ament_cmake/cmake)
[0.968s] -- Found Python3: /usr/bin/python3 (found version "3.10.12") found components: Interpreter 
[1.162s] -- Found ament_lint_auto: 0.12.11 (/opt/ros/humble/share/ament_lint_auto/cmake)
[1.340s] -- Added test 'flake8' to check Python code syntax and style conventions
[1.342s] -- Added test 'lint_cmake' to check CMake code style
[1.343s] -- Added test 'pep257' to check Python code against some of the docstring style conventions in PEP 257
[1.346s] -- Added test 'xmllint' to check XML markup files
[1.349s] -- Configuring done
[1.355s] -- Generating done
[1.357s] -- Build files have been written to: /home/daniyar/dev_ws/build/rsp
[1.366s] Invoked command in '/home/daniyar/dev_ws/build/rsp' returned '0': CMAKE_PREFIX_PATH=${CMAKE_PREFIX_PATH}:/opt/ros/humble /usr/bin/cmake /home/daniyar/dev_ws/src/rsp -DCMAKE_INSTALL_PREFIX=/home/daniyar/dev_ws/install/rsp
[1.370s] Invoking command in '/home/daniyar/dev_ws/build/rsp': CMAKE_PREFIX_PATH=${CMAKE_PREFIX_PATH}:/opt/ros/humble /usr/bin/cmake --build /home/daniyar/dev_ws/build/rsp -- -j8 -l8
[1.448s] Invoked command in '/home/daniyar/dev_ws/build/rsp' returned '0': CMAKE_PREFIX_PATH=${CMAKE_PREFIX_PATH}:/opt/ros/humble /usr/bin/cmake --build /home/daniyar/dev_ws/build/rsp -- -j8 -l8
[1.512s] Invoking command in '/home/daniyar/dev_ws/build/rsp': CMAKE_PREFIX_PATH=${CMAKE_PREFIX_PATH}:/opt/ros/humble /usr/bin/cmake --install /home/daniyar/dev_ws/build/rsp
[1.526s] -- Install configuration: ""
[1.527s] [31mCMake Error at cmake_install.cmake:46 (file):
[1.527s]   file INSTALL cannot find "/home/daniyar/dev_ws/src/rsp/description": No
[1.527s]   such file or directory.
[1.527s] 
[1.527s] [0m
[1.528s] -- Installing: /home/daniyar/dev_ws/install/rsp/share/rsp/config
[1.530s] Invoked command in '/home/daniyar/dev_ws/build/rsp' returned '1': CMAKE_PREFIX_PATH=${CMAKE_PREFIX_PATH}:/opt/ros/humble /usr/bin/cmake --install /home/daniyar/dev_ws/build/rsp
