[0.076s] Invoking command in '/home/daniyar/dev_ws/build/rsp': CMAKE_PREFIX_PATH=${CMAKE_PREFIX_PATH}:/opt/ros/humble /usr/bin/cmake --build /home/daniyar/dev_ws/build/rsp -- -j8 -l8
[0.553s] -- Found ament_cmake: 1.3.10 (/opt/ros/humble/share/ament_cmake/cmake)
[1.193s] -- Found ament_lint_auto: 0.12.11 (/opt/ros/humble/share/ament_lint_auto/cmake)
[1.460s] -- Added test 'flake8' to check Python code syntax and style conventions
[1.463s] -- Added test 'lint_cmake' to check CMake code style
[1.466s] -- Added test 'pep257' to check Python code against some of the docstring style conventions in PEP 257
[1.472s] -- Added test 'xmllint' to check XML markup files
[1.604s] -- Configuring done
[1.624s] -- Generating done
[1.631s] -- Build files have been written to: /home/daniyar/dev_ws/build/rsp
[1.665s] Invoked command in '/home/daniyar/dev_ws/build/rsp' returned '0': CMAKE_PREFIX_PATH=${CMAKE_PREFIX_PATH}:/opt/ros/humble /usr/bin/cmake --build /home/daniyar/dev_ws/build/rsp -- -j8 -l8
[1.707s] Invoking command in '/home/daniyar/dev_ws/build/rsp': CMAKE_PREFIX_PATH=${CMAKE_PREFIX_PATH}:/opt/ros/humble /usr/bin/cmake --install /home/daniyar/dev_ws/build/rsp
[1.716s] -- Install configuration: ""
[1.716s] -- Up-to-date: /home/daniyar/dev_ws/install/rsp/share/rsp/config
[1.716s] -- Up-to-date: /home/daniyar/dev_ws/install/rsp/share/rsp/description
[1.716s] -- Up-to-date: /home/daniyar/dev_ws/install/rsp/share/rsp/description/robot.urdf.xacro
[1.717s] -- Installing: /home/daniyar/dev_ws/install/rsp/share/rsp/description/robot_core.xacro
[1.717s] -- Up-to-date: /home/daniyar/dev_ws/install/rsp/share/rsp/description/inertial_macros.xacro
[1.717s] -- Up-to-date: /home/daniyar/dev_ws/install/rsp/share/rsp/launch
[1.717s] -- Installing: /home/daniyar/dev_ws/install/rsp/share/rsp/launch/rpy.launch.py
[1.717s] -- Up-to-date: /home/daniyar/dev_ws/install/rsp/share/rsp/worlds
[1.717s] -- Up-to-date: /home/daniyar/dev_ws/install/rsp/share/ament_index/resource_index/package_run_dependencies/rsp
[1.718s] -- Installing: /home/daniyar/dev_ws/install/rsp/share/ament_index/resource_index/parent_prefix_path/rsp
[1.718s] -- Up-to-date: /home/daniyar/dev_ws/install/rsp/share/rsp/environment/ament_prefix_path.sh
[1.718s] -- Installing: /home/daniyar/dev_ws/install/rsp/share/rsp/environment/ament_prefix_path.dsv
[1.718s] -- Up-to-date: /home/daniyar/dev_ws/install/rsp/share/rsp/environment/path.sh
[1.718s] -- Installing: /home/daniyar/dev_ws/install/rsp/share/rsp/environment/path.dsv
[1.718s] -- Up-to-date: /home/daniyar/dev_ws/install/rsp/share/rsp/local_setup.bash
[1.719s] -- Up-to-date: /home/daniyar/dev_ws/install/rsp/share/rsp/local_setup.sh
[1.719s] -- Up-to-date: /home/daniyar/dev_ws/install/rsp/share/rsp/local_setup.zsh
[1.719s] -- Installing: /home/daniyar/dev_ws/install/rsp/share/rsp/local_setup.dsv
[1.719s] -- Installing: /home/daniyar/dev_ws/install/rsp/share/rsp/package.dsv
[1.719s] -- Up-to-date: /home/daniyar/dev_ws/install/rsp/share/ament_index/resource_index/packages/rsp
[1.719s] -- Up-to-date: /home/daniyar/dev_ws/install/rsp/share/rsp/cmake/rspConfig.cmake
[1.719s] -- Up-to-date: /home/daniyar/dev_ws/install/rsp/share/rsp/cmake/rspConfig-version.cmake
[1.720s] -- Up-to-date: /home/daniyar/dev_ws/install/rsp/share/rsp/package.xml
[1.721s] Invoked command in '/home/daniyar/dev_ws/build/rsp' returned '0': CMAKE_PREFIX_PATH=${CMAKE_PREFIX_PATH}:/opt/ros/humble /usr/bin/cmake --install /home/daniyar/dev_ws/build/rsp
