[1.182s] DEBUG:colcon:Command line arguments: ['/usr/bin/colcon', 'build']
[1.183s] DEBUG:colcon:Parsed command line arguments: Namespace(log_base=None, log_level=None, verb_name='build', build_base='build', install_base='install', merge_install=False, symlink_install=False, test_result_base=None, continue_on_error=False, executor='parallel', parallel_workers=8, event_handlers=None, ignore_user_meta=False, metas=['./colcon.meta'], base_paths=['.'], packages_ignore=None, packages_ignore_regex=None, paths=None, packages_up_to=None, packages_up_to_regex=None, packages_above=None, packages_above_and_dependencies=None, packages_above_depth=None, packages_select_by_dep=None, packages_skip_by_dep=None, packages_skip_up_to=None, packages_select_build_failed=False, packages_skip_build_finished=False, packages_select_test_failures=False, packages_skip_test_passed=False, packages_select=None, packages_skip=None, packages_select_regex=None, packages_skip_regex=None, packages_start=None, packages_end=None, allow_overriding=[], cmake_args=None, cmake_target=None, cmake_target_skip_unavailable=False, cmake_clean_cache=False, cmake_clean_first=False, cmake_force_configure=False, ament_cmake_args=None, catkin_cmake_args=None, catkin_skip_building_tests=False, mixin_files=None, mixin=None, verb_parser=<colcon_mixin.mixin.mixin_argument.MixinArgumentDecorator object at 0x72905cdfb4c0>, verb_extension=<colcon_core.verb.build.BuildVerb object at 0x72905cdfac50>, main=<bound method BuildVerb.main of <colcon_core.verb.build.BuildVerb object at 0x72905cdfac50>>, mixin_verb=('build',))
[6.031s] Level 1:colcon.colcon_core.package_discovery:discover_packages(colcon_meta) check parameters
[6.032s] Level 1:colcon.colcon_core.package_discovery:discover_packages(recursive) check parameters
[6.032s] Level 1:colcon.colcon_core.package_discovery:discover_packages(ignore) check parameters
[6.032s] Level 1:colcon.colcon_core.package_discovery:discover_packages(path) check parameters
[6.032s] Level 1:colcon.colcon_core.package_discovery:discover_packages(colcon_meta) discover
[6.032s] Level 1:colcon.colcon_core.package_discovery:discover_packages(recursive) discover
[6.033s] INFO:colcon.colcon_core.package_discovery:Crawling recursively for packages in '/home/daniyar/dev_ws'
[6.033s] Level 1:colcon.colcon_core.package_identification:_identify(.) by extensions ['ignore', 'ignore_ament_install']
[6.034s] Level 1:colcon.colcon_core.package_identification:_identify(.) by extension 'ignore'
[6.034s] Level 1:colcon.colcon_core.package_identification:_identify(.) by extension 'ignore_ament_install'
[6.034s] Level 1:colcon.colcon_core.package_identification:_identify(.) by extensions ['colcon_pkg']
[6.035s] Level 1:colcon.colcon_core.package_identification:_identify(.) by extension 'colcon_pkg'
[6.035s] Level 1:colcon.colcon_core.package_identification:_identify(.) by extensions ['colcon_meta']
[6.035s] Level 1:colcon.colcon_core.package_identification:_identify(.) by extension 'colcon_meta'
[6.035s] Level 1:colcon.colcon_core.package_identification:_identify(.) by extensions ['ros']
[6.035s] Level 1:colcon.colcon_core.package_identification:_identify(.) by extension 'ros'
[6.127s] Level 1:colcon.colcon_core.package_identification:_identify(.) by extensions ['cmake', 'python']
[6.128s] Level 1:colcon.colcon_core.package_identification:_identify(.) by extension 'cmake'
[6.128s] Level 1:colcon.colcon_core.package_identification:_identify(.) by extension 'python'
[6.128s] Level 1:colcon.colcon_core.package_identification:_identify(.) by extensions ['python_setup_py']
[6.128s] Level 1:colcon.colcon_core.package_identification:_identify(.) by extension 'python_setup_py'
[6.128s] Level 1:colcon.colcon_core.package_identification:_identify(build) by extensions ['ignore', 'ignore_ament_install']
[6.128s] Level 1:colcon.colcon_core.package_identification:_identify(build) by extension 'ignore'
[6.129s] Level 1:colcon.colcon_core.package_identification:_identify(build) ignored
[6.129s] Level 1:colcon.colcon_core.package_identification:_identify(install) by extensions ['ignore', 'ignore_ament_install']
[6.129s] Level 1:colcon.colcon_core.package_identification:_identify(install) by extension 'ignore'
[6.129s] Level 1:colcon.colcon_core.package_identification:_identify(install) ignored
[6.129s] Level 1:colcon.colcon_core.package_identification:_identify(log) by extensions ['ignore', 'ignore_ament_install']
[6.130s] Level 1:colcon.colcon_core.package_identification:_identify(log) by extension 'ignore'
[6.130s] Level 1:colcon.colcon_core.package_identification:_identify(log) ignored
[6.130s] Level 1:colcon.colcon_core.package_identification:_identify(src) by extensions ['ignore', 'ignore_ament_install']
[6.130s] Level 1:colcon.colcon_core.package_identification:_identify(src) by extension 'ignore'
[6.130s] Level 1:colcon.colcon_core.package_identification:_identify(src) by extension 'ignore_ament_install'
[6.130s] Level 1:colcon.colcon_core.package_identification:_identify(src) by extensions ['colcon_pkg']
[6.130s] Level 1:colcon.colcon_core.package_identification:_identify(src) by extension 'colcon_pkg'
[6.131s] Level 1:colcon.colcon_core.package_identification:_identify(src) by extensions ['colcon_meta']
[6.131s] Level 1:colcon.colcon_core.package_identification:_identify(src) by extension 'colcon_meta'
[6.131s] Level 1:colcon.colcon_core.package_identification:_identify(src) by extensions ['ros']
[6.131s] Level 1:colcon.colcon_core.package_identification:_identify(src) by extension 'ros'
[6.131s] Level 1:colcon.colcon_core.package_identification:_identify(src) by extensions ['cmake', 'python']
[6.131s] Level 1:colcon.colcon_core.package_identification:_identify(src) by extension 'cmake'
[6.131s] Level 1:colcon.colcon_core.package_identification:_identify(src) by extension 'python'
[6.131s] Level 1:colcon.colcon_core.package_identification:_identify(src) by extensions ['python_setup_py']
[6.131s] Level 1:colcon.colcon_core.package_identification:_identify(src) by extension 'python_setup_py'
[6.132s] Level 1:colcon.colcon_core.package_identification:_identify(src/my_bot) by extensions ['ignore', 'ignore_ament_install']
[6.132s] Level 1:colcon.colcon_core.package_identification:_identify(src/my_bot) by extension 'ignore'
[6.132s] Level 1:colcon.colcon_core.package_identification:_identify(src/my_bot) by extension 'ignore_ament_install'
[6.132s] Level 1:colcon.colcon_core.package_identification:_identify(src/my_bot) by extensions ['colcon_pkg']
[6.132s] Level 1:colcon.colcon_core.package_identification:_identify(src/my_bot) by extension 'colcon_pkg'
[6.132s] Level 1:colcon.colcon_core.package_identification:_identify(src/my_bot) by extensions ['colcon_meta']
[6.132s] Level 1:colcon.colcon_core.package_identification:_identify(src/my_bot) by extension 'colcon_meta'
[6.132s] Level 1:colcon.colcon_core.package_identification:_identify(src/my_bot) by extensions ['ros']
[6.132s] Level 1:colcon.colcon_core.package_identification:_identify(src/my_bot) by extension 'ros'
[6.132s] Level 1:colcon.colcon_core.package_identification:_identify(src/my_bot) by extensions ['cmake', 'python']
[6.133s] Level 1:colcon.colcon_core.package_identification:_identify(src/my_bot) by extension 'cmake'
[6.133s] Level 1:colcon.colcon_core.package_identification:_identify(src/my_bot) by extension 'python'
[6.133s] Level 1:colcon.colcon_core.package_identification:_identify(src/my_bot) by extensions ['python_setup_py']
[6.133s] Level 1:colcon.colcon_core.package_identification:_identify(src/my_bot) by extension 'python_setup_py'
[6.133s] Level 1:colcon.colcon_core.package_identification:_identify(src/rsp) by extensions ['ignore', 'ignore_ament_install']
[6.133s] Level 1:colcon.colcon_core.package_identification:_identify(src/rsp) by extension 'ignore'
[6.133s] Level 1:colcon.colcon_core.package_identification:_identify(src/rsp) by extension 'ignore_ament_install'
[6.133s] Level 1:colcon.colcon_core.package_identification:_identify(src/rsp) by extensions ['colcon_pkg']
[6.133s] Level 1:colcon.colcon_core.package_identification:_identify(src/rsp) by extension 'colcon_pkg'
[6.133s] Level 1:colcon.colcon_core.package_identification:_identify(src/rsp) by extensions ['colcon_meta']
[6.134s] Level 1:colcon.colcon_core.package_identification:_identify(src/rsp) by extension 'colcon_meta'
[6.134s] Level 1:colcon.colcon_core.package_identification:_identify(src/rsp) by extensions ['ros']
[6.134s] Level 1:colcon.colcon_core.package_identification:_identify(src/rsp) by extension 'ros'
[6.146s] DEBUG:colcon.colcon_core.package_identification:Package 'src/rsp' with type 'ros.ament_cmake' and name 'rsp'
[6.146s] Level 1:colcon.colcon_core.package_discovery:discover_packages(recursive) using defaults
[6.146s] Level 1:colcon.colcon_core.package_discovery:discover_packages(ignore) discover
[6.146s] Level 1:colcon.colcon_core.package_discovery:discover_packages(ignore) using defaults
[6.146s] Level 1:colcon.colcon_core.package_discovery:discover_packages(path) discover
[6.147s] Level 1:colcon.colcon_core.package_discovery:discover_packages(path) using defaults
[6.410s] Level 1:colcon.colcon_core.package_discovery:discover_packages(prefix_path) check parameters
[6.410s] Level 1:colcon.colcon_core.package_discovery:discover_packages(prefix_path) discover
[6.443s] DEBUG:colcon.colcon_installed_package_information.package_discovery:Found 2 installed packages in /home/daniyar/ros2_ws/install
[6.448s] DEBUG:colcon.colcon_installed_package_information.package_discovery:Found 337 installed packages in /opt/ros/humble
[6.453s] Level 1:colcon.colcon_core.package_discovery:discover_packages(prefix_path) using defaults
[6.603s] Level 5:colcon.colcon_core.verb:set package 'rsp' build argument 'cmake_args' from command line to 'None'
[6.603s] Level 5:colcon.colcon_core.verb:set package 'rsp' build argument 'cmake_target' from command line to 'None'
[6.603s] Level 5:colcon.colcon_core.verb:set package 'rsp' build argument 'cmake_target_skip_unavailable' from command line to 'False'
[6.603s] Level 5:colcon.colcon_core.verb:set package 'rsp' build argument 'cmake_clean_cache' from command line to 'False'
[6.603s] Level 5:colcon.colcon_core.verb:set package 'rsp' build argument 'cmake_clean_first' from command line to 'False'
[6.603s] Level 5:colcon.colcon_core.verb:set package 'rsp' build argument 'cmake_force_configure' from command line to 'False'
[6.603s] Level 5:colcon.colcon_core.verb:set package 'rsp' build argument 'ament_cmake_args' from command line to 'None'
[6.603s] Level 5:colcon.colcon_core.verb:set package 'rsp' build argument 'catkin_cmake_args' from command line to 'None'
[6.603s] Level 5:colcon.colcon_core.verb:set package 'rsp' build argument 'catkin_skip_building_tests' from command line to 'False'
[6.603s] DEBUG:colcon.colcon_core.verb:Building package 'rsp' with the following arguments: {'ament_cmake_args': None, 'build_base': '/home/daniyar/dev_ws/build/rsp', 'catkin_cmake_args': None, 'catkin_skip_building_tests': False, 'cmake_args': None, 'cmake_clean_cache': False, 'cmake_clean_first': False, 'cmake_force_configure': False, 'cmake_target': None, 'cmake_target_skip_unavailable': False, 'install_base': '/home/daniyar/dev_ws/install/rsp', 'merge_install': False, 'path': '/home/daniyar/dev_ws/src/rsp', 'symlink_install': False, 'test_result_base': None}
[6.604s] INFO:colcon.colcon_core.executor:Executing jobs using 'parallel' executor
[6.604s] DEBUG:colcon.colcon_parallel_executor.executor.parallel:run_until_complete
[6.605s] INFO:colcon.colcon_ros.task.ament_cmake.build:Building ROS package in '/home/daniyar/dev_ws/src/rsp' with build type 'ament_cmake'
[6.605s] INFO:colcon.colcon_cmake.task.cmake.build:Building CMake package in '/home/daniyar/dev_ws/src/rsp'
[6.637s] INFO:colcon.colcon_core.plugin_system:Skipping extension 'colcon_core.shell.bat': Not used on non-Windows systems
[6.637s] INFO:colcon.colcon_core.shell:Skip shell extension 'powershell' for command environment: Not usable outside of PowerShell
[6.637s] DEBUG:colcon.colcon_core.shell:Skip shell extension 'dsv' for command environment
[6.683s] DEBUG:colcon.colcon_core.event_handler.log_command:Invoking command in '/home/daniyar/dev_ws/build/rsp': CMAKE_PREFIX_PATH=${CMAKE_PREFIX_PATH}:/opt/ros/humble /usr/bin/cmake --build /home/daniyar/dev_ws/build/rsp -- -j8 -l8
[8.271s] DEBUG:colcon.colcon_core.event_handler.log_command:Invoked command in '/home/daniyar/dev_ws/build/rsp' returned '0': CMAKE_PREFIX_PATH=${CMAKE_PREFIX_PATH}:/opt/ros/humble /usr/bin/cmake --build /home/daniyar/dev_ws/build/rsp -- -j8 -l8
[8.312s] DEBUG:colcon.colcon_core.event_handler.log_command:Invoking command in '/home/daniyar/dev_ws/build/rsp': CMAKE_PREFIX_PATH=${CMAKE_PREFIX_PATH}:/opt/ros/humble /usr/bin/cmake --install /home/daniyar/dev_ws/build/rsp
[8.326s] Level 1:colcon.colcon_core.environment:create_environment_scripts_only(rsp)
[8.326s] DEBUG:colcon.colcon_core.event_handler.log_command:Invoked command in '/home/daniyar/dev_ws/build/rsp' returned '0': CMAKE_PREFIX_PATH=${CMAKE_PREFIX_PATH}:/opt/ros/humble /usr/bin/cmake --install /home/daniyar/dev_ws/build/rsp
[8.394s] Level 1:colcon.colcon_core.environment:checking '/home/daniyar/dev_ws/install/rsp' for CMake module files
[8.396s] Level 1:colcon.colcon_core.environment:checking '/home/daniyar/dev_ws/install/rsp' for CMake config files
[8.397s] Level 1:colcon.colcon_core.shell:create_environment_hook('rsp', 'cmake_prefix_path')
[8.398s] INFO:colcon.colcon_core.shell:Creating environment hook '/home/daniyar/dev_ws/install/rsp/share/rsp/hook/cmake_prefix_path.ps1'
[8.426s] INFO:colcon.colcon_core.shell:Creating environment descriptor '/home/daniyar/dev_ws/install/rsp/share/rsp/hook/cmake_prefix_path.dsv'
[8.429s] INFO:colcon.colcon_core.shell:Creating environment hook '/home/daniyar/dev_ws/install/rsp/share/rsp/hook/cmake_prefix_path.sh'
[8.434s] Level 1:colcon.colcon_core.environment:checking '/home/daniyar/dev_ws/install/rsp/bin'
[8.434s] Level 1:colcon.colcon_core.environment:checking '/home/daniyar/dev_ws/install/rsp/lib/pkgconfig/rsp.pc'
[8.435s] Level 1:colcon.colcon_core.environment:checking '/home/daniyar/dev_ws/install/rsp/lib/python3.10/site-packages'
[8.436s] Level 1:colcon.colcon_core.environment:checking '/home/daniyar/dev_ws/install/rsp/bin'
[8.438s] INFO:colcon.colcon_core.shell:Creating package script '/home/daniyar/dev_ws/install/rsp/share/rsp/package.ps1'
[8.442s] INFO:colcon.colcon_core.shell:Creating package descriptor '/home/daniyar/dev_ws/install/rsp/share/rsp/package.dsv'
[8.444s] INFO:colcon.colcon_core.shell:Creating package script '/home/daniyar/dev_ws/install/rsp/share/rsp/package.sh'
[8.448s] INFO:colcon.colcon_core.shell:Creating package script '/home/daniyar/dev_ws/install/rsp/share/rsp/package.bash'
[8.493s] INFO:colcon.colcon_core.shell:Creating package script '/home/daniyar/dev_ws/install/rsp/share/rsp/package.zsh'
[8.497s] Level 1:colcon.colcon_core.environment:create_file_with_runtime_dependencies(/home/daniyar/dev_ws/install/rsp/share/colcon-core/packages/rsp)
[8.564s] Level 1:colcon.colcon_core.environment:create_environment_scripts_only(rsp)
[8.564s] Level 1:colcon.colcon_core.environment:checking '/home/daniyar/dev_ws/install/rsp' for CMake module files
[8.566s] Level 1:colcon.colcon_core.environment:checking '/home/daniyar/dev_ws/install/rsp' for CMake config files
[8.566s] Level 1:colcon.colcon_core.shell:create_environment_hook('rsp', 'cmake_prefix_path')
[8.567s] INFO:colcon.colcon_core.shell:Creating environment hook '/home/daniyar/dev_ws/install/rsp/share/rsp/hook/cmake_prefix_path.ps1'
[8.568s] INFO:colcon.colcon_core.shell:Creating environment descriptor '/home/daniyar/dev_ws/install/rsp/share/rsp/hook/cmake_prefix_path.dsv'
[8.569s] INFO:colcon.colcon_core.shell:Creating environment hook '/home/daniyar/dev_ws/install/rsp/share/rsp/hook/cmake_prefix_path.sh'
[8.571s] Level 1:colcon.colcon_core.environment:checking '/home/daniyar/dev_ws/install/rsp/bin'
[8.571s] Level 1:colcon.colcon_core.environment:checking '/home/daniyar/dev_ws/install/rsp/lib/pkgconfig/rsp.pc'
[8.572s] Level 1:colcon.colcon_core.environment:checking '/home/daniyar/dev_ws/install/rsp/lib/python3.10/site-packages'
[8.573s] Level 1:colcon.colcon_core.environment:checking '/home/daniyar/dev_ws/install/rsp/bin'
[8.574s] INFO:colcon.colcon_core.shell:Creating package script '/home/daniyar/dev_ws/install/rsp/share/rsp/package.ps1'
[8.575s] INFO:colcon.colcon_core.shell:Creating package descriptor '/home/daniyar/dev_ws/install/rsp/share/rsp/package.dsv'
[8.577s] INFO:colcon.colcon_core.shell:Creating package script '/home/daniyar/dev_ws/install/rsp/share/rsp/package.sh'
[8.578s] INFO:colcon.colcon_core.shell:Creating package script '/home/daniyar/dev_ws/install/rsp/share/rsp/package.bash'
[8.579s] INFO:colcon.colcon_core.shell:Creating package script '/home/daniyar/dev_ws/install/rsp/share/rsp/package.zsh'
[8.580s] Level 1:colcon.colcon_core.environment:create_file_with_runtime_dependencies(/home/daniyar/dev_ws/install/rsp/share/colcon-core/packages/rsp)
[8.581s] DEBUG:colcon.colcon_parallel_executor.executor.parallel:closing loop
[8.582s] DEBUG:colcon.colcon_parallel_executor.executor.parallel:loop closed
[8.582s] DEBUG:colcon.colcon_parallel_executor.executor.parallel:run_until_complete finished with '0'
[8.582s] DEBUG:colcon.colcon_core.event_reactor:joining thread
[8.628s] INFO:colcon.colcon_core.plugin_system:Skipping extension 'colcon_notification.desktop_notification.terminal_notifier': Not used on non-Darwin systems
[8.629s] INFO:colcon.colcon_core.plugin_system:Skipping extension 'colcon_notification.desktop_notification.win32': Not used on non-Windows systems
[8.629s] INFO:colcon.colcon_notification.desktop_notification:Sending desktop notification using 'notify2'
[8.665s] DEBUG:colcon.colcon_core.event_reactor:joined thread
[8.665s] INFO:colcon.colcon_core.shell:Creating prefix script '/home/daniyar/dev_ws/install/local_setup.ps1'
[8.667s] INFO:colcon.colcon_core.shell:Creating prefix util module '/home/daniyar/dev_ws/install/_local_setup_util_ps1.py'
[8.669s] INFO:colcon.colcon_core.shell:Creating prefix chain script '/home/daniyar/dev_ws/install/setup.ps1'
[8.671s] INFO:colcon.colcon_core.shell:Creating prefix script '/home/daniyar/dev_ws/install/local_setup.sh'
[8.672s] INFO:colcon.colcon_core.shell:Creating prefix util module '/home/daniyar/dev_ws/install/_local_setup_util_sh.py'
[8.672s] INFO:colcon.colcon_core.shell:Creating prefix chain script '/home/daniyar/dev_ws/install/setup.sh'
[8.673s] INFO:colcon.colcon_core.shell:Creating prefix script '/home/daniyar/dev_ws/install/local_setup.bash'
[8.675s] INFO:colcon.colcon_core.shell:Creating prefix chain script '/home/daniyar/dev_ws/install/setup.bash'
[8.676s] INFO:colcon.colcon_core.shell:Creating prefix script '/home/daniyar/dev_ws/install/local_setup.zsh'
[8.697s] INFO:colcon.colcon_core.shell:Creating prefix chain script '/home/daniyar/dev_ws/install/setup.zsh'
